C51 COMPILER V9.60.0.0   MAIN                                                              12/10/2022 13:56:13 PAGE 1   


C51 COMPILER V9.60.0.0, COMPILATION OF MODULE MAIN
OBJECT MODULE PLACED IN .\Objects\main.obj
COMPILER INVOKED BY: C:\Keil_v5\C51\BIN\C51.EXE main.c OPTIMIZE(8,SPEED) BROWSE DEBUG OBJECTEXTEND PRINT(.\Listings\main
                    -.lst) TABS(2) OBJECT(.\Objects\main.obj)

line level    source

   1          #include<reg51.h>
   2          sbit Fan=P2^0;
   3          sbit Light=P2^1;
   4          
   5          char str;
   6          char a=0;
   7          
   8          void delay(unsigned int x);
   9          void ISR_ex0(void);
  10          void Serialwrite(char byte)
  11          {
  12   1        SBUF=byte;
  13   1        while(!TI);
  14   1        TI=0;
  15   1      }
  16          void Send(char *p)
  17          {
  18   1        while(*p)
  19   1        {
  20   2          Serialwrite(*p);
  21   2          p++;
  22   2        }
  23   1        Serialwrite(0x0d);
  24   1      }
  25          void Serialbegin()
  26          {
  27   1         TMOD=0x20;
  28   1         SCON=0x50;
  29   1         TH1=0xfd;
  30   1         TR1=1;
  31   1      }
  32          void main()
  33          {
  34   1        P2=0x00;
  35   1        Serialbegin();
  36   1        Send("System Ready...");
  37   1        delay(50);
  38   1        while(1)
  39   1        {
  40   2          while(!RI);
  41   2          a=SBUF;
  42   2          str=a;
  43   2          RI=0;
  44   2            if(str=='1')
  45   2            {
  46   3              Fan=1;
  47   3              Send(" Fan ON");
  48   3              delay(50);
  49   3            }
  50   2            else if(str=='2')
  51   2            {
  52   3              Fan=0;
  53   3              Send(" Fan OFF");
  54   3              delay(50);
C51 COMPILER V9.60.0.0   MAIN                                                              12/10/2022 13:56:13 PAGE 2   

  55   3            }
  56   2             else if(str=='3')
  57   2            {
  58   3              Light=1;
  59   3              Send(" Light ON");
  60   3              delay(50);
  61   3            }
  62   2             else if(str=='4')
  63   2            {
  64   3              Light=0;
  65   3              Send(" Light OFF");
  66   3              delay(50);
  67   3            }
  68   2            str=0;
  69   2        }
  70   1      }
  71          void delay(unsigned int x){
  72   1        unsigned int i,j;
  73   1        for(i = 0;i<x;i++){
  74   2          for(j = 0;j<1275;j++);
  75   2        }
  76   1      }
  77          void ISR_ex0(void) interrupt 0     // ISR for external interrupt INT0
  78                {
  79   1      
  80   1                 Light = 0;
  81   1                 Fan = 0;
  82   1           }


MODULE INFORMATION:   STATIC OVERLAYABLE
   CODE SIZE        =    179    ----
   CONSTANT SIZE    =     54    ----
   XDATA SIZE       =   ----    ----
   PDATA SIZE       =   ----    ----
   DATA SIZE        =      2    ----
   IDATA SIZE       =   ----    ----
   BIT SIZE         =   ----    ----
END OF MODULE INFORMATION.


C51 COMPILATION COMPLETE.  0 WARNING(S),  0 ERROR(S)
